TN:
SF:src/index.ts
FN:16,(anonymous_4)
FN:16,(anonymous_5)
FN:18,(anonymous_6)
FN:19,(anonymous_7)
FN:20,(anonymous_8)
FN:21,(anonymous_9)
FN:22,(anonymous_10)
FN:23,(anonymous_11)
FN:24,(anonymous_12)
FN:25,(anonymous_13)
FN:30,(anonymous_14)
FN:31,(anonymous_15)
FN:32,(anonymous_16)
FN:33,(anonymous_17)
FN:34,(anonymous_18)
FN:35,(anonymous_19)
FN:36,(anonymous_20)
FN:37,(anonymous_21)
FN:38,(anonymous_22)
FN:39,(anonymous_23)
FN:40,(anonymous_24)
FN:41,(anonymous_25)
FN:42,(anonymous_26)
FN:43,(anonymous_27)
FN:44,(anonymous_28)
FN:45,(anonymous_29)
FN:46,(anonymous_30)
FN:47,(anonymous_31)
FN:48,(anonymous_32)
FN:53,(anonymous_33)
FN:54,(anonymous_34)
FN:55,(anonymous_35)
FN:56,(anonymous_36)
FN:57,(anonymous_37)
FN:58,(anonymous_38)
FN:59,(anonymous_39)
FN:60,(anonymous_40)
FN:79,(anonymous_41)
FN:84,(anonymous_42)
FN:89,(anonymous_43)
FN:97,(anonymous_44)
FN:106,(anonymous_45)
FN:116,(anonymous_46)
FNF:43
FNH:13
FNDA:0,(anonymous_4)
FNDA:0,(anonymous_5)
FNDA:1,(anonymous_6)
FNDA:2,(anonymous_7)
FNDA:2,(anonymous_8)
FNDA:5,(anonymous_9)
FNDA:0,(anonymous_10)
FNDA:0,(anonymous_11)
FNDA:0,(anonymous_12)
FNDA:0,(anonymous_13)
FNDA:0,(anonymous_14)
FNDA:0,(anonymous_15)
FNDA:0,(anonymous_16)
FNDA:2,(anonymous_17)
FNDA:0,(anonymous_18)
FNDA:0,(anonymous_19)
FNDA:0,(anonymous_20)
FNDA:0,(anonymous_21)
FNDA:0,(anonymous_22)
FNDA:0,(anonymous_23)
FNDA:0,(anonymous_24)
FNDA:0,(anonymous_25)
FNDA:0,(anonymous_26)
FNDA:0,(anonymous_27)
FNDA:0,(anonymous_28)
FNDA:0,(anonymous_29)
FNDA:0,(anonymous_30)
FNDA:0,(anonymous_31)
FNDA:0,(anonymous_32)
FNDA:1,(anonymous_33)
FNDA:1,(anonymous_34)
FNDA:0,(anonymous_35)
FNDA:0,(anonymous_36)
FNDA:0,(anonymous_37)
FNDA:0,(anonymous_38)
FNDA:1,(anonymous_39)
FNDA:0,(anonymous_40)
FNDA:1,(anonymous_41)
FNDA:1,(anonymous_42)
FNDA:0,(anonymous_43)
FNDA:1,(anonymous_44)
FNDA:1,(anonymous_45)
FNDA:1,(anonymous_46)
DA:13,1
DA:16,1
DA:17,1
DA:18,2
DA:19,3
DA:20,3
DA:21,6
DA:22,1
DA:23,1
DA:24,1
DA:25,1
DA:29,1
DA:30,1
DA:31,1
DA:32,1
DA:33,3
DA:34,1
DA:35,1
DA:36,1
DA:37,1
DA:38,1
DA:39,1
DA:40,1
DA:41,1
DA:42,1
DA:43,1
DA:44,1
DA:45,1
DA:46,1
DA:47,1
DA:48,1
DA:52,1
DA:53,2
DA:54,2
DA:55,1
DA:56,1
DA:57,1
DA:58,1
DA:59,2
DA:60,1
DA:64,1
DA:65,1
DA:66,1
DA:75,1
DA:79,1
DA:84,1
DA:89,0
DA:98,1
DA:107,1
DA:117,1
DA:122,1
LF:51
LH:50
BRDA:97,0,0,0
BRDA:116,1,0,0
BRF:2
BRH:0
end_of_record
TN:
SF:src/core/date-utils.ts
FN:126,(anonymous_0)
FN:147,getLocalizedMonthName
FN:181,(anonymous_2)
FN:201,formatDate
FN:236,addDays
FN:249,isSameDay
FN:263,isToday
FN:273,isLeapYear
FN:284,getDaysInMonth
FN:303,getFirstDayOfMonth
FN:314,getFirstDayOfWeek
FN:325,getDatesForMonth
FNF:12
FNH:2
FNDA:0,(anonymous_0)
FNDA:0,getLocalizedMonthName
FNDA:0,(anonymous_2)
FNDA:2,formatDate
FNDA:0,addDays
FNDA:108,isSameDay
FNDA:0,isToday
FNDA:0,isLeapYear
FNDA:0,getDaysInMonth
FNDA:0,getFirstDayOfMonth
FNDA:0,getFirstDayOfWeek
FNDA:0,getDatesForMonth
DA:11,1
DA:24,1
DA:37,1
DA:50,1
DA:68,1
DA:86,1
DA:104,1
DA:126,1
DA:127,0
DA:129,0
DA:131,0
DA:133,0
DA:135,0
DA:147,1
DA:149,0
DA:152,0
DA:154,0
DA:155,0
DA:158,0
DA:160,0
DA:162,0
DA:163,0
DA:165,0
DA:166,0
DA:168,0
DA:169,0
DA:172,0
DA:181,1
DA:182,0
DA:190,0
DA:201,1
DA:203,2
DA:209,2
DA:212,2
DA:219,2
DA:221,2
DA:222,2
DA:225,0
DA:236,1
DA:237,0
DA:238,0
DA:239,0
DA:249,1
DA:250,108
DA:263,1
DA:264,0
DA:273,1
DA:274,0
DA:284,1
DA:286,0
DA:289,0
DA:290,0
DA:293,0
DA:303,1
DA:304,0
DA:314,1
DA:315,0
DA:325,1
DA:326,0
DA:327,0
DA:329,0
DA:330,0
DA:333,0
LF:63
LH:26
BRDA:127,0,0,0
BRDA:127,0,1,0
BRDA:127,0,2,0
BRDA:127,0,3,0
BRDA:129,1,0,0
BRDA:129,1,1,0
BRDA:131,2,0,0
BRDA:131,2,1,0
BRDA:133,3,0,0
BRDA:133,3,1,0
BRDA:154,4,0,0
BRDA:160,5,0,0
BRDA:160,5,1,0
BRDA:160,5,2,0
BRDA:162,6,0,0
BRDA:162,6,1,0
BRDA:165,7,0,0
BRDA:165,7,1,0
BRDA:168,8,0,0
BRDA:168,8,1,0
BRDA:172,9,0,0
BRDA:172,9,1,0
BRDA:190,10,0,0
BRDA:190,10,1,0
BRDA:209,11,0,2
BRDA:209,11,1,2
BRDA:219,12,0,2
BRDA:219,12,1,0
BRDA:251,13,0,108
BRDA:251,13,1,57
BRDA:251,13,2,26
BRDA:274,14,0,0
BRDA:274,14,1,0
BRDA:274,14,2,0
BRDA:289,15,0,0
BRDA:289,16,0,0
BRDA:289,16,1,0
BRF:37
BRH:6
end_of_record
TN:
SF:src/core/holidays.ts
FN:835,getAllHolidays
FN:847,getHolidaysForDate
FN:850,(anonymous_2)
FN:880,getHolidaysForMonth
FN:883,(anonymous_4)
FN:916,getHolidaysBetweenDates
FN:923,(anonymous_6)
FN:953,getUpcomingHolidays
FN:957,(anonymous_8)
FN:979,(anonymous_9)
FN:994,getNextHoliday
FN:1006,isHoliday
FN:1018,getLocalizedText
FNF:13
FNH:7
FNDA:5,getAllHolidays
FNDA:3,getHolidaysForDate
FNDA:108,(anonymous_2)
FNDA:0,getHolidaysForMonth
FNDA:0,(anonymous_4)
FNDA:0,getHolidaysBetweenDates
FNDA:0,(anonymous_6)
FNDA:1,getUpcomingHolidays
FNDA:36,(anonymous_8)
FNDA:13,(anonymous_9)
FNDA:0,getNextHoliday
FNDA:1,isHoliday
FNDA:0,getLocalizedText
DA:8,1
DA:11,1
DA:835,1
DA:837,5
DA:847,1
DA:848,3
DA:850,3
DA:851,108
DA:854,108
DA:855,103
DA:859,5
DA:860,0
DA:864,5
DA:865,0
DA:868,5
DA:880,1
DA:881,0
DA:883,0
DA:884,0
DA:887,0
DA:891,0
DA:895,0
DA:896,0
DA:900,0
DA:901,0
DA:904,0
DA:916,1
DA:921,0
DA:923,0
DA:924,0
DA:927,0
DA:928,0
DA:932,0
DA:933,0
DA:937,0
DA:938,0
DA:941,0
DA:953,1
DA:954,1
DA:957,1
DA:958,36
DA:961,36
DA:962,22
DA:966,14
DA:967,0
DA:971,14
DA:972,0
DA:975,14
DA:979,1
DA:980,13
DA:984,1
DA:994,1
DA:995,0
DA:996,0
DA:1006,1
DA:1007,1
DA:1018,1
DA:1023,0
DA:1024,0
DA:1027,0
LF:60
LH:31
BRDA:854,0,0,103
BRDA:859,1,0,0
BRDA:859,2,0,5
BRDA:859,2,1,0
BRDA:859,2,2,0
BRDA:864,3,0,0
BRDA:864,4,0,5
BRDA:864,4,1,0
BRDA:864,4,2,0
BRDA:887,5,0,0
BRDA:888,6,0,0
BRDA:888,6,1,0
BRDA:895,7,0,0
BRDA:895,8,0,0
BRDA:895,8,1,0
BRDA:895,8,2,0
BRDA:900,9,0,0
BRDA:900,10,0,0
BRDA:900,10,1,0
BRDA:900,10,2,0
BRDA:927,11,0,0
BRDA:927,12,0,0
BRDA:927,12,1,0
BRDA:932,13,0,0
BRDA:932,14,0,0
BRDA:932,14,1,0
BRDA:932,14,2,0
BRDA:937,15,0,0
BRDA:937,16,0,0
BRDA:937,16,1,0
BRDA:937,16,2,0
BRDA:953,17,0,0
BRDA:961,18,0,22
BRDA:966,19,0,0
BRDA:966,20,0,14
BRDA:966,20,1,0
BRDA:966,20,2,0
BRDA:971,21,0,0
BRDA:971,22,0,14
BRDA:971,22,1,0
BRDA:971,22,2,0
BRDA:996,23,0,0
BRDA:996,23,1,0
BRDA:1020,24,0,0
BRDA:1021,25,0,0
BRDA:1023,26,0,0
BRDA:1027,27,0,0
BRDA:1027,27,1,0
BRDA:1027,27,2,0
BRF:49
BRH:6
end_of_record
TN:
SF:src/core/jalaali.ts
FN:70,(anonymous_0)
FN:82,(anonymous_1)
FN:92,(anonymous_2)
FN:103,(anonymous_3)
FN:116,(anonymous_4)
FN:143,isLeapJalaaliYear
FN:155,g2d
FN:168,d2g
FN:189,j2d
FN:201,d2j
FN:235,div
FN:242,mod
FN:252,jalCal
FNF:13
FNH:7
FNDA:1,(anonymous_0)
FNDA:0,(anonymous_1)
FNDA:0,(anonymous_2)
FNDA:0,(anonymous_3)
FNDA:0,(anonymous_4)
FNDA:0,isLeapJalaaliYear
FNDA:2,g2d
FNDA:1,d2g
FNDA:0,j2d
FNDA:1,d2j
FNDA:45,div
FNDA:19,mod
FNDA:1,jalCal
DA:43,1
DA:61,1
DA:71,1
DA:83,0
DA:93,0
DA:104,0
DA:105,0
DA:106,0
DA:107,0
DA:117,0
DA:118,0
DA:119,0
DA:120,0
DA:122,0
DA:123,0
DA:124,0
DA:126,0
DA:144,0
DA:156,2
DA:159,2
DA:171,1
DA:172,1
DA:173,1
DA:174,1
DA:175,1
DA:176,1
DA:178,1
DA:190,0
DA:191,0
DA:192,0
DA:202,1
DA:203,1
DA:204,1
DA:205,1
DA:209,1
DA:210,1
DA:211,1
DA:213,0
DA:214,0
DA:215,0
DA:218,1
DA:222,0
DA:223,0
DA:224,0
DA:225,0
DA:227,1
DA:228,1
DA:229,1
DA:236,45
DA:243,19
DA:254,1
DA:259,1
DA:260,1
DA:261,1
DA:262,1
DA:264,1
DA:265,0
DA:269,1
DA:270,11
DA:271,11
DA:272,11
DA:273,1
DA:274,10
DA:275,10
DA:277,1
DA:281,1
DA:282,1
DA:283,0
DA:287,1
DA:290,1
DA:293,1
LF:71
LH:44
BRDA:104,0,0,0
BRDA:105,1,0,0
BRDA:106,2,0,0
BRDA:210,3,0,1
BRDA:210,3,1,0
BRDA:211,4,0,0
BRDA:211,4,1,1
BRDA:224,5,0,0
BRDA:264,6,0,0
BRDA:264,7,0,1
BRDA:264,7,1,1
BRDA:272,8,0,1
BRDA:282,9,0,0
BRDA:282,10,0,1
BRDA:282,10,1,1
BRDA:282,10,2,0
BRDA:294,11,0,0
BRDA:294,11,1,1
BRDA:294,12,0,1
BRDA:294,12,1,0
BRF:20
BRH:9
end_of_record
TN:
SF:src/core/kurdish-calendar.ts
FN:18,(anonymous_0)
FN:48,(anonymous_1)
FN:155,getKurdishDate
FN:213,getKurdishDateByVariant
FN:254,isKurdishLeapYear
FN:273,getKurdishMonthLength
FNF:6
FNH:6
FNDA:1,(anonymous_0)
FNDA:1,(anonymous_1)
FNDA:4,getKurdishDate
FNDA:4,getKurdishDateByVariant
FNDA:2,isKurdishLeapYear
FNDA:5,getKurdishMonthLength
DA:11,1
DA:12,1
DA:18,1
DA:20,1
DA:22,1
DA:24,1
DA:26,1
DA:28,1
DA:30,1
DA:32,1
DA:34,1
DA:36,1
DA:38,1
DA:40,1
DA:42,1
DA:48,1
DA:50,1
DA:52,1
DA:54,1
DA:56,1
DA:58,1
DA:60,1
DA:62,1
DA:64,1
DA:66,1
DA:68,1
DA:70,1
DA:72,1
DA:78,1
DA:96,1
DA:114,1
DA:132,1
DA:155,1
DA:157,4
DA:158,4
DA:159,4
DA:162,4
DA:163,3
DA:175,1
DA:178,1
DA:182,1
DA:185,1
DA:186,1
DA:189,1
DA:192,1
DA:193,1
DA:195,1
DA:213,1
DA:217,4
DA:218,2
DA:221,2
DA:222,2
DA:223,2
DA:226,2
DA:229,2
DA:230,2
DA:233,2
DA:234,2
DA:236,2
DA:254,1
DA:256,2
DA:257,1
DA:261,0
DA:262,0
DA:273,1
DA:278,5
DA:280,3
DA:281,2
DA:282,1
DA:288,0
DA:289,0
DA:290,0
DA:291,0
DA:292,0
DA:293,0
DA:296,0
DA:299,2
DA:300,1
DA:304,0
DA:305,0
LF:80
LH:69
BRDA:18,0,0,1
BRDA:18,0,1,1
BRDA:48,1,0,1
BRDA:48,1,1,1
BRDA:155,2,0,0
BRDA:162,3,0,3
BRDA:162,4,0,4
BRDA:162,4,1,3
BRDA:162,4,2,3
BRDA:214,5,0,0
BRDA:215,6,0,0
BRDA:217,7,0,2
BRDA:217,7,1,2
BRDA:256,8,0,1
BRDA:257,9,0,1
BRDA:276,10,0,0
BRDA:278,11,0,3
BRDA:278,11,1,2
BRDA:280,12,0,1
BRDA:280,13,0,3
BRDA:280,13,1,2
BRDA:281,14,0,1
BRDA:281,15,0,2
BRDA:281,15,1,1
BRDA:282,16,0,1
BRDA:282,17,0,1
BRDA:282,17,1,1
BRDA:288,18,0,0
BRDA:288,18,1,0
BRDA:288,19,0,0
BRDA:288,19,1,0
BRDA:290,20,0,0
BRDA:290,20,1,0
BRDA:290,21,0,0
BRDA:290,21,1,0
BRDA:292,22,0,0
BRDA:293,23,0,0
BRDA:293,23,1,0
BRDA:299,24,0,1
BRDA:299,25,0,2
BRDA:299,25,1,2
BRDA:300,26,0,1
BRDA:300,27,0,1
BRDA:300,27,1,1
BRF:44
BRH:29
end_of_record
TN:
SF:src/types/index.ts
FN:66,(anonymous_0)
FNF:1
FNH:1
FNDA:1,(anonymous_0)
DA:66,1
DA:68,1
DA:70,1
LF:3
LH:3
BRDA:66,0,0,1
BRDA:66,0,1,1
BRF:2
BRH:2
end_of_record
