TN:
SF:src/index.ts
FN:17,(anonymous_4)
FN:20,(anonymous_5)
FN:23,(anonymous_6)
FN:24,(anonymous_7)
FN:25,(anonymous_8)
FN:26,(anonymous_9)
FN:27,(anonymous_10)
FN:28,(anonymous_11)
FN:29,(anonymous_12)
FN:30,(anonymous_13)
FN:35,(anonymous_14)
FN:36,(anonymous_15)
FN:37,(anonymous_16)
FN:38,(anonymous_17)
FN:39,(anonymous_18)
FN:40,(anonymous_19)
FN:41,(anonymous_20)
FN:42,(anonymous_21)
FN:43,(anonymous_22)
FN:44,(anonymous_23)
FN:45,(anonymous_24)
FN:46,(anonymous_25)
FN:47,(anonymous_26)
FN:48,(anonymous_27)
FN:49,(anonymous_28)
FN:50,(anonymous_29)
FN:51,(anonymous_30)
FN:52,(anonymous_31)
FN:53,(anonymous_32)
FN:58,(anonymous_33)
FN:59,(anonymous_34)
FN:60,(anonymous_35)
FN:61,(anonymous_36)
FN:62,(anonymous_37)
FN:63,(anonymous_38)
FN:64,(anonymous_39)
FN:65,(anonymous_40)
FN:87,(anonymous_41)
FN:92,(anonymous_42)
FN:98,(anonymous_43)
FN:107,(anonymous_44)
FN:119,(anonymous_45)
FN:129,(anonymous_46)
FNF:43
FNH:13
FNDA:0,(anonymous_4)
FNDA:0,(anonymous_5)
FNDA:1,(anonymous_6)
FNDA:2,(anonymous_7)
FNDA:2,(anonymous_8)
FNDA:5,(anonymous_9)
FNDA:0,(anonymous_10)
FNDA:0,(anonymous_11)
FNDA:0,(anonymous_12)
FNDA:0,(anonymous_13)
FNDA:0,(anonymous_14)
FNDA:0,(anonymous_15)
FNDA:0,(anonymous_16)
FNDA:2,(anonymous_17)
FNDA:0,(anonymous_18)
FNDA:0,(anonymous_19)
FNDA:0,(anonymous_20)
FNDA:0,(anonymous_21)
FNDA:0,(anonymous_22)
FNDA:0,(anonymous_23)
FNDA:0,(anonymous_24)
FNDA:0,(anonymous_25)
FNDA:0,(anonymous_26)
FNDA:0,(anonymous_27)
FNDA:0,(anonymous_28)
FNDA:0,(anonymous_29)
FNDA:0,(anonymous_30)
FNDA:0,(anonymous_31)
FNDA:0,(anonymous_32)
FNDA:1,(anonymous_33)
FNDA:1,(anonymous_34)
FNDA:0,(anonymous_35)
FNDA:0,(anonymous_36)
FNDA:0,(anonymous_37)
FNDA:0,(anonymous_38)
FNDA:1,(anonymous_39)
FNDA:0,(anonymous_40)
FNDA:1,(anonymous_41)
FNDA:1,(anonymous_42)
FNDA:0,(anonymous_43)
FNDA:1,(anonymous_44)
FNDA:1,(anonymous_45)
FNDA:1,(anonymous_46)
DA:13,1
DA:16,1
DA:17,1
DA:20,1
DA:22,1
DA:23,2
DA:24,3
DA:25,3
DA:26,6
DA:27,1
DA:28,1
DA:29,1
DA:30,1
DA:34,1
DA:35,1
DA:36,1
DA:37,1
DA:38,3
DA:39,1
DA:40,1
DA:41,1
DA:42,1
DA:43,1
DA:44,1
DA:45,1
DA:46,1
DA:47,1
DA:48,1
DA:49,1
DA:50,1
DA:51,1
DA:52,1
DA:53,1
DA:57,1
DA:58,2
DA:59,2
DA:60,1
DA:61,1
DA:62,1
DA:63,1
DA:64,2
DA:65,1
DA:72,1
DA:76,1
DA:77,1
DA:83,1
DA:87,1
DA:93,1
DA:99,0
DA:111,1
DA:120,1
DA:130,1
DA:135,1
LF:53
LH:52
BRDA:109,0,0,0
BRDA:129,1,0,0
BRF:2
BRH:0
end_of_record
TN:
SF:src/core/date-utils.ts
FN:126,(anonymous_0)
FN:150,getLocalizedMonthName
FN:193,(anonymous_2)
FN:213,formatDate
FN:252,addDays
FN:265,isSameDay
FN:279,isToday
FN:289,isLeapYear
FN:300,getDaysInMonth
FN:319,getFirstDayOfMonth
FN:330,getFirstDayOfWeek
FN:341,getDatesForMonth
FNF:12
FNH:2
FNDA:0,(anonymous_0)
FNDA:0,getLocalizedMonthName
FNDA:0,(anonymous_2)
FNDA:2,formatDate
FNDA:0,addDays
FNDA:108,isSameDay
FNDA:0,isToday
FNDA:0,isLeapYear
FNDA:0,getDaysInMonth
FNDA:0,getFirstDayOfMonth
FNDA:0,getFirstDayOfWeek
FNDA:0,getDatesForMonth
DA:11,1
DA:24,1
DA:37,1
DA:50,1
DA:68,1
DA:86,1
DA:104,1
DA:126,1
DA:130,0
DA:132,0
DA:134,0
DA:136,0
DA:138,0
DA:150,1
DA:159,0
DA:161,0
DA:162,0
DA:165,0
DA:167,0
DA:169,0
DA:172,0
DA:174,0
DA:176,0
DA:178,0
DA:181,0
DA:184,0
DA:193,1
DA:194,0
DA:202,0
DA:213,1
DA:219,2
DA:225,2
DA:228,2
DA:235,2
DA:237,2
DA:238,2
DA:241,0
DA:252,1
DA:253,0
DA:254,0
DA:255,0
DA:265,1
DA:266,108
DA:279,1
DA:280,0
DA:289,1
DA:290,0
DA:300,1
DA:302,0
DA:305,0
DA:306,0
DA:309,0
DA:319,1
DA:320,0
DA:330,1
DA:331,0
DA:341,1
DA:342,0
DA:343,0
DA:345,0
DA:346,0
DA:349,0
LF:62
LH:26
BRDA:130,0,0,0
BRDA:130,0,1,0
BRDA:130,0,2,0
BRDA:130,0,3,0
BRDA:132,1,0,0
BRDA:132,1,1,0
BRDA:134,2,0,0
BRDA:134,2,1,0
BRDA:136,3,0,0
BRDA:136,3,1,0
BRDA:161,4,0,0
BRDA:167,5,0,0
BRDA:167,5,1,0
BRDA:167,5,2,0
BRDA:170,6,0,0
BRDA:170,6,1,0
BRDA:175,7,0,0
BRDA:175,7,1,0
BRDA:179,8,0,0
BRDA:179,8,1,0
BRDA:184,9,0,0
BRDA:184,9,1,0
BRDA:202,10,0,0
BRDA:202,10,1,0
BRDA:225,11,0,2
BRDA:225,11,1,2
BRDA:235,12,0,2
BRDA:235,12,1,0
BRDA:267,13,0,108
BRDA:267,13,1,57
BRDA:267,13,2,26
BRDA:290,14,0,0
BRDA:290,14,1,0
BRDA:290,14,2,0
BRDA:305,15,0,0
BRDA:305,16,0,0
BRDA:305,16,1,0
BRF:37
BRH:6
end_of_record
TN:
SF:src/core/holidays.ts
FN:835,getAllHolidays
FN:847,getHolidaysForDate
FN:853,(anonymous_2)
FN:891,getHolidaysForMonth
FN:898,(anonymous_4)
FN:939,getHolidaysBetweenDates
FN:946,(anonymous_6)
FN:984,getUpcomingHolidays
FN:992,(anonymous_8)
FN:1022,(anonymous_9)
FN:1037,getNextHoliday
FN:1052,isHoliday
FN:1064,getLocalizedText
FNF:13
FNH:7
FNDA:5,getAllHolidays
FNDA:3,getHolidaysForDate
FNDA:108,(anonymous_2)
FNDA:0,getHolidaysForMonth
FNDA:0,(anonymous_4)
FNDA:0,getHolidaysBetweenDates
FNDA:0,(anonymous_6)
FNDA:1,getUpcomingHolidays
FNDA:36,(anonymous_8)
FNDA:13,(anonymous_9)
FNDA:0,getNextHoliday
FNDA:1,isHoliday
FNDA:0,getLocalizedText
DA:8,1
DA:11,1
DA:835,1
DA:837,5
DA:847,1
DA:851,3
DA:853,3
DA:854,108
DA:857,108
DA:858,103
DA:862,5
DA:867,0
DA:871,5
DA:876,0
DA:879,5
DA:891,1
DA:896,0
DA:898,0
DA:899,0
DA:902,0
DA:906,0
DA:910,0
DA:915,0
DA:919,0
DA:924,0
DA:927,0
DA:939,1
DA:944,0
DA:946,0
DA:947,0
DA:950,0
DA:951,0
DA:955,0
DA:960,0
DA:964,0
DA:969,0
DA:972,0
DA:984,1
DA:989,1
DA:992,1
DA:993,36
DA:996,36
DA:997,22
DA:1001,14
DA:1006,0
DA:1010,14
DA:1015,0
DA:1018,14
DA:1022,1
DA:1023,13
DA:1027,1
DA:1037,1
DA:1041,0
DA:1042,0
DA:1052,1
DA:1053,1
DA:1064,1
DA:1069,0
DA:1070,0
DA:1073,0
LF:60
LH:31
BRDA:857,0,0,103
BRDA:862,1,0,0
BRDA:863,2,0,5
BRDA:863,2,1,0
BRDA:863,2,2,0
BRDA:871,3,0,0
BRDA:872,4,0,5
BRDA:872,4,1,0
BRDA:872,4,2,0
BRDA:902,5,0,0
BRDA:903,6,0,0
BRDA:903,6,1,0
BRDA:910,7,0,0
BRDA:911,8,0,0
BRDA:911,8,1,0
BRDA:911,8,2,0
BRDA:919,9,0,0
BRDA:920,10,0,0
BRDA:920,10,1,0
BRDA:920,10,2,0
BRDA:950,11,0,0
BRDA:950,12,0,0
BRDA:950,12,1,0
BRDA:955,13,0,0
BRDA:956,14,0,0
BRDA:956,14,1,0
BRDA:956,14,2,0
BRDA:964,15,0,0
BRDA:965,16,0,0
BRDA:965,16,1,0
BRDA:965,16,2,0
BRDA:986,17,0,0
BRDA:996,18,0,22
BRDA:1001,19,0,0
BRDA:1002,20,0,14
BRDA:1002,20,1,0
BRDA:1002,20,2,0
BRDA:1010,21,0,0
BRDA:1011,22,0,14
BRDA:1011,22,1,0
BRDA:1011,22,2,0
BRDA:1042,23,0,0
BRDA:1042,23,1,0
BRDA:1066,24,0,0
BRDA:1067,25,0,0
BRDA:1069,26,0,0
BRDA:1073,27,0,0
BRDA:1073,27,1,0
BRDA:1073,27,2,0
BRF:49
BRH:6
end_of_record
TN:
SF:src/core/jalaali.ts
FN:70,(anonymous_0)
FN:82,(anonymous_1)
FN:92,(anonymous_2)
FN:103,(anonymous_3)
FN:116,(anonymous_4)
FN:143,isLeapJalaaliYear
FN:155,g2d
FN:170,d2g
FN:190,j2d
FN:203,d2j
FN:236,div
FN:243,mod
FN:253,jalCal
FNF:13
FNH:7
FNDA:1,(anonymous_0)
FNDA:0,(anonymous_1)
FNDA:0,(anonymous_2)
FNDA:0,(anonymous_3)
FNDA:0,(anonymous_4)
FNDA:0,isLeapJalaaliYear
FNDA:2,g2d
FNDA:1,d2g
FNDA:0,j2d
FNDA:1,d2j
FNDA:45,div
FNDA:19,mod
FNDA:1,jalCal
DA:43,1
DA:61,1
DA:71,1
DA:83,0
DA:93,0
DA:104,0
DA:105,0
DA:106,0
DA:107,0
DA:117,0
DA:118,0
DA:119,0
DA:120,0
DA:122,0
DA:123,0
DA:124,0
DA:126,0
DA:144,0
DA:157,2
DA:161,2
DA:171,1
DA:173,1
DA:174,1
DA:175,1
DA:176,1
DA:177,1
DA:179,1
DA:191,0
DA:193,0
DA:194,0
DA:204,1
DA:205,1
DA:206,1
DA:207,1
DA:211,1
DA:212,1
DA:213,1
DA:215,0
DA:216,0
DA:217,0
DA:220,1
DA:224,0
DA:225,0
DA:226,0
DA:228,1
DA:229,1
DA:230,1
DA:237,45
DA:244,19
DA:255,1
DA:260,1
DA:261,1
DA:262,1
DA:263,1
DA:265,1
DA:266,0
DA:270,1
DA:271,11
DA:272,11
DA:273,11
DA:274,10
DA:275,10
DA:277,1
DA:281,1
DA:282,1
DA:283,0
DA:287,1
DA:290,1
DA:293,1
LF:69
LH:43
BRDA:104,0,0,0
BRDA:105,1,0,0
BRDA:106,2,0,0
BRDA:212,3,0,1
BRDA:212,3,1,0
BRDA:213,4,0,0
BRDA:213,4,1,1
BRDA:226,5,0,0
BRDA:265,6,0,0
BRDA:265,7,0,1
BRDA:265,7,1,1
BRDA:273,8,0,1
BRDA:282,9,0,0
BRDA:282,10,0,1
BRDA:282,10,1,1
BRDA:282,10,2,0
BRDA:294,11,0,0
BRDA:294,11,1,1
BRDA:294,12,0,1
BRDA:294,12,1,0
BRF:20
BRH:9
end_of_record
TN:
SF:src/core/kurdish-calendar.ts
FN:18,(anonymous_0)
FN:48,(anonymous_1)
FN:155,getKurdishDate
FN:213,getKurdishDateByVariant
FN:254,isKurdishLeapYear
FN:273,getKurdishMonthLength
FNF:6
FNH:6
FNDA:1,(anonymous_0)
FNDA:1,(anonymous_1)
FNDA:4,getKurdishDate
FNDA:4,getKurdishDateByVariant
FNDA:2,isKurdishLeapYear
FNDA:5,getKurdishMonthLength
DA:11,1
DA:12,1
DA:18,1
DA:20,1
DA:22,1
DA:24,1
DA:26,1
DA:28,1
DA:30,1
DA:32,1
DA:34,1
DA:36,1
DA:38,1
DA:40,1
DA:42,1
DA:48,1
DA:50,1
DA:52,1
DA:54,1
DA:56,1
DA:58,1
DA:60,1
DA:62,1
DA:64,1
DA:66,1
DA:68,1
DA:70,1
DA:72,1
DA:78,1
DA:96,1
DA:114,1
DA:132,1
DA:155,1
DA:157,4
DA:158,4
DA:159,4
DA:162,4
DA:163,3
DA:175,1
DA:178,1
DA:182,1
DA:185,1
DA:186,1
DA:189,1
DA:192,1
DA:193,1
DA:195,1
DA:213,1
DA:217,4
DA:218,2
DA:221,2
DA:222,2
DA:223,2
DA:226,2
DA:229,2
DA:230,2
DA:233,2
DA:234,2
DA:236,2
DA:254,1
DA:256,2
DA:257,1
DA:261,0
DA:262,0
DA:273,1
DA:278,5
DA:280,3
DA:281,2
DA:282,1
DA:288,0
DA:289,0
DA:290,0
DA:291,0
DA:292,0
DA:293,0
DA:296,0
DA:299,2
DA:300,1
DA:304,0
DA:305,0
LF:80
LH:69
BRDA:18,0,0,1
BRDA:18,0,1,1
BRDA:48,1,0,1
BRDA:48,1,1,1
BRDA:155,2,0,0
BRDA:162,3,0,3
BRDA:162,4,0,4
BRDA:162,4,1,3
BRDA:162,4,2,3
BRDA:214,5,0,0
BRDA:215,6,0,0
BRDA:217,7,0,2
BRDA:217,7,1,2
BRDA:256,8,0,1
BRDA:257,9,0,1
BRDA:276,10,0,0
BRDA:278,11,0,3
BRDA:278,11,1,2
BRDA:280,12,0,1
BRDA:280,13,0,3
BRDA:280,13,1,2
BRDA:281,14,0,1
BRDA:281,15,0,2
BRDA:281,15,1,1
BRDA:282,16,0,1
BRDA:282,17,0,1
BRDA:282,17,1,1
BRDA:288,18,0,0
BRDA:288,18,1,0
BRDA:288,19,0,0
BRDA:288,19,1,0
BRDA:290,20,0,0
BRDA:290,20,1,0
BRDA:290,21,0,0
BRDA:290,21,1,0
BRDA:292,22,0,0
BRDA:293,23,0,0
BRDA:293,23,1,0
BRDA:299,24,0,1
BRDA:299,25,0,2
BRDA:299,25,1,2
BRDA:300,26,0,1
BRDA:300,27,0,1
BRDA:300,27,1,1
BRF:44
BRH:29
end_of_record
TN:
SF:src/types/index.ts
FN:66,(anonymous_0)
FNF:1
FNH:1
FNDA:1,(anonymous_0)
DA:66,1
DA:68,1
DA:70,1
LF:3
LH:3
BRDA:66,0,0,1
BRDA:66,0,1,1
BRF:2
BRH:2
end_of_record
